Flow report for Tutorial
Wed Sep 19 11:46:37 2012
Quartus II 32-bit Version 12.0 Build 263 08/02/2012 Service Pack 2 SJ Full Version


---------------------
; Table of Contents ;
---------------------
  1. Legal Notice
  2. Flow Summary
  3. Flow Settings
  4. Flow Non-Default Global Settings
  5. Flow Elapsed Time
  6. Flow OS Summary
  7. Flow Log



----------------
; Legal Notice ;
----------------
Copyright (C) 1991-2012 Altera Corporation
Your use of Altera Corporation's design tools, logic functions 
and other software and tools, and its AMPP partner logic 
functions, and any output files from any of the foregoing 
(including device programming or simulation files), and any 
associated documentation or information are expressly subject 
to the terms and conditions of the Altera Program License 
Subscription Agreement, Altera MegaCore Function License 
Agreement, or other applicable license agreement, including, 
without limitation, that your use is for the sole purpose of 
programming logic devices manufactured by Altera and sold by 
Altera or its authorized distributors.  Please refer to the 
applicable agreement for further details.



+-------------------------------------------------------------------------------------+
; Flow Summary                                                                        ;
+------------------------------------+------------------------------------------------+
; Flow Status                        ; Successful - Wed Sep 19 11:46:37 2012          ;
; Quartus II 32-bit Version          ; 12.0 Build 263 08/02/2012 SP 2 SJ Full Version ;
; Revision Name                      ; Tutorial                                       ;
; Top-level Entity Name              ; Tutorial                                       ;
; Family                             ; Cyclone II                                     ;
; Device                             ; EP2C20F484C8                                   ;
; Timing Models                      ; Final                                          ;
; Total logic elements               ; 56 / 18,752 ( < 1 % )                          ;
;     Total combinational functions  ; 56 / 18,752 ( < 1 % )                          ;
;     Dedicated logic registers      ; 32 / 18,752 ( < 1 % )                          ;
; Total registers                    ; 32                                             ;
; Total pins                         ; 61 / 315 ( 19 % )                              ;
; Total virtual pins                 ; 0                                              ;
; Total memory bits                  ; 0 / 239,616 ( 0 % )                            ;
; Embedded Multiplier 9-bit elements ; 0 / 52 ( 0 % )                                 ;
; Total PLLs                         ; 0 / 4 ( 0 % )                                  ;
+------------------------------------+------------------------------------------------+


+-----------------------------------------+
; Flow Settings                           ;
+-------------------+---------------------+
; Option            ; Setting             ;
+-------------------+---------------------+
; Start date & time ; 09/19/2012 11:46:05 ;
; Main task         ; Compilation         ;
; Revision Name     ; Tutorial            ;
+-------------------+---------------------+


+-------------------------------------------------------------------------------------------------------------------+
; Flow Non-Default Global Settings                                                                                  ;
+-------------------------------------+------------------------------+---------------+-------------+----------------+
; Assignment Name                     ; Value                        ; Default Value ; Entity Name ; Section Id     ;
+-------------------------------------+------------------------------+---------------+-------------+----------------+
; COMPILER_SIGNATURE_ID               ; 125888383622.134804796401296 ; --            ; --          ; --             ;
; EDA_OUTPUT_DATA_FORMAT              ; Vhdl                         ; --            ; --          ; eda_simulation ;
; EDA_SIMULATION_TOOL                 ; ModelSim-Altera (VHDL)       ; <None>        ; --          ; --             ;
; MAX_CORE_JUNCTION_TEMP              ; 85                           ; --            ; --          ; --             ;
; MIN_CORE_JUNCTION_TEMP              ; 0                            ; --            ; --          ; --             ;
; PARTITION_COLOR                     ; 16764057                     ; --            ; --          ; Top            ;
; PARTITION_FITTER_PRESERVATION_LEVEL ; PLACEMENT_AND_ROUTING        ; --            ; --          ; Top            ;
; PARTITION_NETLIST_TYPE              ; SOURCE                       ; --            ; --          ; Top            ;
+-------------------------------------+------------------------------+---------------+-------------+----------------+


+-------------------------------------------------------------------------------------------------------------------------------+
; Flow Elapsed Time                                                                                                             ;
+---------------------------+--------------+-------------------------+---------------------+------------------------------------+
; Module Name               ; Elapsed Time ; Average Processors Used ; Peak Virtual Memory ; Total CPU Time (on all processors) ;
+---------------------------+--------------+-------------------------+---------------------+------------------------------------+
; Analysis & Synthesis      ; 00:00:07     ; 1.0                     ; 331 MB              ; 00:00:04                           ;
; Fitter                    ; 00:00:09     ; 1.3                     ; 413 MB              ; 00:00:09                           ;
; Assembler                 ; 00:00:05     ; 1.0                     ; 318 MB              ; 00:00:03                           ;
; TimeQuest Timing Analyzer ; 00:00:06     ; 1.0                     ; 275 MB              ; 00:00:02                           ;
; EDA Netlist Writer        ; 00:00:02     ; 1.0                     ; 271 MB              ; 00:00:01                           ;
; Total                     ; 00:00:29     ; --                      ; --                  ; 00:00:19                           ;
+---------------------------+--------------+-------------------------+---------------------+------------------------------------+


+----------------------------------------------------------------------------------------+
; Flow OS Summary                                                                        ;
+---------------------------+------------------+-----------+------------+----------------+
; Module Name               ; Machine Hostname ; OS Name   ; OS Version ; Processor type ;
+---------------------------+------------------+-----------+------------+----------------+
; Analysis & Synthesis      ; ICIN2PC60        ; Windows 7 ; 6.1        ; i686           ;
; Fitter                    ; ICIN2PC60        ; Windows 7 ; 6.1        ; i686           ;
; Assembler                 ; ICIN2PC60        ; Windows 7 ; 6.1        ; i686           ;
; TimeQuest Timing Analyzer ; ICIN2PC60        ; Windows 7 ; 6.1        ; i686           ;
; EDA Netlist Writer        ; ICIN2PC60        ; Windows 7 ; 6.1        ; i686           ;
+---------------------------+------------------+-----------+------------+----------------+


------------
; Flow Log ;
------------
quartus_map --read_settings_files=on --write_settings_files=off Tutorial -c Tutorial
quartus_fit --read_settings_files=off --write_settings_files=off Tutorial -c Tutorial
quartus_asm --read_settings_files=off --write_settings_files=off Tutorial -c Tutorial
quartus_sta Tutorial -c Tutorial
quartus_eda --read_settings_files=off --write_settings_files=off Tutorial -c Tutorial



