Flow report for memories
Wed Oct 24 10:07:34 2012
Quartus II 32-bit Version 12.0 Build 178 05/31/2012 SJ Web Edition


---------------------
; Table of Contents ;
---------------------
  1. Legal Notice
  2. Flow Summary
  3. Flow Settings
  4. Flow Non-Default Global Settings
  5. Flow Elapsed Time
  6. Flow OS Summary
  7. Flow Log



----------------
; Legal Notice ;
----------------
Copyright (C) 1991-2012 Altera Corporation
Your use of Altera Corporation's design tools, logic functions 
and other software and tools, and its AMPP partner logic 
functions, and any output files from any of the foregoing 
(including device programming or simulation files), and any 
associated documentation or information are expressly subject 
to the terms and conditions of the Altera Program License 
Subscription Agreement, Altera MegaCore Function License 
Agreement, or other applicable license agreement, including, 
without limitation, that your use is for the sole purpose of 
programming logic devices manufactured by Altera and sold by 
Altera or its authorized distributors.  Please refer to the 
applicable agreement for further details.



+-------------------------------------------------------------------------------+
; Flow Summary                                                                  ;
+------------------------------------+------------------------------------------+
; Flow Status                        ; Flow Failed - Wed Oct 24 10:07:34 2012   ;
; Quartus II 32-bit Version          ; 12.0 Build 178 05/31/2012 SJ Web Edition ;
; Revision Name                      ; memories                                 ;
; Top-level Entity Name              ; memories                                 ;
; Family                             ; Cyclone IV E                             ;
; Device                             ; EP4CE22F17C6                             ;
; Timing Models                      ; Final                                    ;
; Total logic elements               ; 540 / 22,320 ( 2 % )                     ;
;     Total combinational functions  ; 400 / 22,320 ( 2 % )                     ;
;     Dedicated logic registers      ; 181 / 22,320 ( < 1 % )                   ;
; Total registers                    ; 181                                      ;
; Total pins                         ; 217 / 154 ( 141 % )                      ;
; Total virtual pins                 ; 0                                        ;
; Total memory bits                  ; 32,768 / 608,256 ( 5 % )                 ;
; Embedded Multiplier 9-bit elements ; 0 / 132 ( 0 % )                          ;
; Total PLLs                         ; 0 / 4 ( 0 % )                            ;
+------------------------------------+------------------------------------------+


+-----------------------------------------+
; Flow Settings                           ;
+-------------------+---------------------+
; Option            ; Setting             ;
+-------------------+---------------------+
; Start date & time ; 10/24/2012 09:57:07 ;
; Main task         ; Compilation         ;
; Revision Name     ; memories            ;
+-------------------+---------------------+


+-----------------------------------------------------------------------------------------------------------------------------------+
; Flow Non-Default Global Settings                                                                                                  ;
+--------------------------------------------+---------------------------------------+---------------+-------------+----------------+
; Assignment Name                            ; Value                                 ; Default Value ; Entity Name ; Section Id     ;
+--------------------------------------------+---------------------------------------+---------------+-------------+----------------+
; COMPILER_SIGNATURE_ID                      ; 149890838620025.135106542709288       ; --            ; --          ; --             ;
; EDA_INCLUDE_VHDL_CONFIGURATION_DECLARATION ; On                                    ; --            ; --          ; eda_simulation ;
; EDA_NETLIST_WRITER_OUTPUT_DIR              ; ../modelsim                           ; --            ; --          ; eda_simulation ;
; EDA_OUTPUT_DATA_FORMAT                     ; Vhdl                                  ; --            ; --          ; eda_simulation ;
; EDA_SIMULATION_TOOL                        ; ModelSim-Altera (VHDL)                ; <None>        ; --          ; --             ;
; FMAX_REQUIREMENT                           ; 100 MHz                               ; --            ; --          ; --             ;
; IOBANK_VCCIO                               ; 3.3V                                  ; --            ; --          ; 8              ;
; MAX_CORE_JUNCTION_TEMP                     ; 85                                    ; --            ; --          ; --             ;
; MIN_CORE_JUNCTION_TEMP                     ; 0                                     ; --            ; --          ; --             ;
; PARTITION_COLOR                            ; 14622752                              ; --            ; --          ; Top            ;
; PARTITION_FITTER_PRESERVATION_LEVEL        ; PLACEMENT_AND_ROUTING                 ; --            ; --          ; Top            ;
; PARTITION_NETLIST_TYPE                     ; SOURCE                                ; --            ; --          ; Top            ;
; POWER_BOARD_THERMAL_MODEL                  ; None (CONSERVATIVE)                   ; --            ; --          ; --             ;
; POWER_PRESET_COOLING_SOLUTION              ; 23 MM HEAT SINK WITH 200 LFPM AIRFLOW ; --            ; --          ; --             ;
; SMART_RECOMPILE                            ; On                                    ; Off           ; --          ; --             ;
; USER_LIBRARIES                             ; C:\altera\70\quartus\eda\sim_lib/     ; --            ; --          ; --             ;
+--------------------------------------------+---------------------------------------+---------------+-------------+----------------+


+--------------------------------------------------------------------------------------------------------------------------+
; Flow Elapsed Time                                                                                                        ;
+----------------------+--------------+-------------------------+---------------------+------------------------------------+
; Module Name          ; Elapsed Time ; Average Processors Used ; Peak Virtual Memory ; Total CPU Time (on all processors) ;
+----------------------+--------------+-------------------------+---------------------+------------------------------------+
; Analysis & Synthesis ; 00:00:04     ; 1.0                     ; 357 MB              ; 00:00:04                           ;
; Fitter               ; 00:00:03     ; 1.0                     ; 341 MB              ; 00:00:02                           ;
; Fitter               ; 00:00:02     ; 1.0                     ; 337 MB              ; 00:00:02                           ;
; Fitter               ; 00:00:03     ; 1.0                     ; 337 MB              ; 00:00:02                           ;
; Fitter               ; 00:00:02     ; 1.0                     ; 337 MB              ; 00:00:02                           ;
; Fitter               ; 00:00:02     ; 1.0                     ; 337 MB              ; 00:00:02                           ;
; Fitter               ; 00:00:03     ; 1.0                     ; 337 MB              ; 00:00:02                           ;
; Total                ; 00:00:19     ; --                      ; --                  ; 00:00:16                           ;
+----------------------+--------------+-------------------------+---------------------+------------------------------------+


+-----------------------------------------------------------------------------------+
; Flow OS Summary                                                                   ;
+----------------------+------------------+-----------+------------+----------------+
; Module Name          ; Machine Hostname ; OS Name   ; OS Version ; Processor type ;
+----------------------+------------------+-----------+------------+----------------+
; Analysis & Synthesis ; black            ; Windows 7 ; 6.1        ; x86_64         ;
; Fitter               ; black            ; Windows 7 ; 6.1        ; x86_64         ;
; Fitter               ; black            ; Windows 7 ; 6.1        ; x86_64         ;
; Fitter               ; black            ; Windows 7 ; 6.1        ; x86_64         ;
; Fitter               ; black            ; Windows 7 ; 6.1        ; x86_64         ;
; Fitter               ; black            ; Windows 7 ; 6.1        ; x86_64         ;
; Fitter               ; black            ; Windows 7 ; 6.1        ; x86_64         ;
+----------------------+------------------+-----------+------------+----------------+


------------
; Flow Log ;
------------
quartus_map --read_settings_files=on --write_settings_files=off memories -c memories
quartus_fit --read_settings_files=off --write_settings_files=off memories -c memories
quartus_fit --read_settings_files=on --write_settings_files=off memories -c memories
quartus_fit --read_settings_files=on --write_settings_files=off memories -c memories
quartus_fit --read_settings_files=on --write_settings_files=off memories -c memories
quartus_fit --read_settings_files=on --write_settings_files=off memories -c memories
quartus_fit --read_settings_files=on --write_settings_files=off memories -c memories



